<?xml version="1.0" encoding="UTF-8"?>
<!-- Generated by org.testng.reporters.JUnitXMLReporter -->
<testsuite hostname="rk-PC" name="ChromeTest" tests="6" failures="0" timestamp="21 Apr 2016 21:47:47 GMT" time="84.008" errors="0">
  <testcase name="landingTest" time="6.308" classname="automationFramework.TestCases.HomeTest"/>
  <testcase name="landingTest" time="3.793" classname="automationFramework.TestCases.ActivitiesTest"/>
  <testcase name="landingTest" time="3.693" classname="automationFramework.TestCases.CasesTest"/>
  <testcase name="landingTest" time="3.851" classname="automationFramework.TestCases.CustomersTest"/>
  <testcase name="landingTest" time="5.467" classname="automationFramework.TestCases.InventoryTest"/>
  <testcase name="landingTest" time="7.05" classname="automationFramework.TestCases.TransactionsTest"/>
</testsuite> <!-- ChromeTest -->
