<?xml version="1.0" encoding="UTF-8"?>
<!-- Generated by org.testng.reporters.JUnitXMLReporter -->
<testsuite hostname="rk-PC" name="ChromeTest" tests="6" failures="0" timestamp="21 Apr 2016 19:30:52 GMT" time="78.132" errors="0">
  <testcase name="landingTest" time="6.87" classname="automationFramework.TestCases.HomeTest"/>
  <testcase name="landingTest" time="4.312" classname="automationFramework.TestCases.ActivitiesTest"/>
  <testcase name="landingTest" time="3.246" classname="automationFramework.TestCases.CasesTest"/>
  <testcase name="landingTest" time="3.626" classname="automationFramework.TestCases.CustomersTest"/>
  <testcase name="landingTest" time="3.082" classname="automationFramework.TestCases.InventoryTest"/>
  <testcase name="landingTest" time="3.713" classname="automationFramework.TestCases.TransactionsTest"/>
</testsuite> <!-- ChromeTest -->
