<?xml version="1.0" encoding="UTF-8"?>
<testng-results skipped="0" failed="0" total="6" passed="6">
  <reporter-output>
    <line>
      <![CDATA[chrome driver instantiated]]>
    </line>
    <line>
      <![CDATA[Setup Complete]]>
    </line>
    <line>
      <![CDATA[TearDown Complete]]>
    </line>
    <line>
      <![CDATA[chrome driver instantiated]]>
    </line>
    <line>
      <![CDATA[Setup Complete]]>
    </line>
    <line>
      <![CDATA[TearDown Complete]]>
    </line>
    <line>
      <![CDATA[chrome driver instantiated]]>
    </line>
    <line>
      <![CDATA[Setup Complete]]>
    </line>
    <line>
      <![CDATA[TearDown Complete]]>
    </line>
    <line>
      <![CDATA[chrome driver instantiated]]>
    </line>
    <line>
      <![CDATA[Setup Complete]]>
    </line>
    <line>
      <![CDATA[TearDown Complete]]>
    </line>
    <line>
      <![CDATA[chrome driver instantiated]]>
    </line>
    <line>
      <![CDATA[Setup Complete]]>
    </line>
    <line>
      <![CDATA[TearDown Complete]]>
    </line>
    <line>
      <![CDATA[chrome driver instantiated]]>
    </line>
    <line>
      <![CDATA[Setup Complete]]>
    </line>
    <line>
      <![CDATA[TearDown Complete]]>
    </line>
  </reporter-output>
  <suite name="Test2 - Suite" duration-ms="78132" started-at="2016-04-21T19:29:34Z" finished-at="2016-04-21T19:30:52Z">
    <groups>
    </groups>
    <test name="ChromeTest" duration-ms="78132" started-at="2016-04-21T19:29:34Z" finished-at="2016-04-21T19:30:52Z">
      <class name="automationFramework.TestCases.ActivitiesTest">
        <test-method status="PASS" signature="setUp(java.lang.String)[pri:0, instance:automationFramework.TestCases.ActivitiesTest@64bfbc86]" name="setUp" is-config="true" duration-ms="6421" started-at="2016-04-21T12:29:52Z" finished-at="2016-04-21T12:29:59Z">
          <params>
            <param index="0">
              <value>
                <![CDATA[chrome.exe]]>
              </value>
            </param>
          </params>
          <reporter-output>
            <line>
              <![CDATA[chrome driver instantiated]]>
            </line>
            <line>
              <![CDATA[Setup Complete]]>
            </line>
          </reporter-output>
        </test-method> <!-- setUp -->
        <test-method status="PASS" signature="landingTest()[pri:0, instance:automationFramework.TestCases.ActivitiesTest@64bfbc86]" name="landingTest" duration-ms="4312" started-at="2016-04-21T12:29:59Z" finished-at="2016-04-21T12:30:03Z">
          <reporter-output>
          </reporter-output>
        </test-method> <!-- landingTest -->
        <test-method status="PASS" signature="tearDown()[pri:0, instance:automationFramework.TestCases.ActivitiesTest@64bfbc86]" name="tearDown" is-config="true" duration-ms="3248" started-at="2016-04-21T12:30:03Z" finished-at="2016-04-21T12:30:06Z">
          <reporter-output>
            <line>
              <![CDATA[TearDown Complete]]>
            </line>
          </reporter-output>
        </test-method> <!-- tearDown -->
      </class> <!-- automationFramework.TestCases.ActivitiesTest -->
      <class name="automationFramework.TestCases.CustomersTest">
        <test-method status="PASS" signature="setUp(java.lang.String)[pri:0, instance:automationFramework.TestCases.CustomersTest@25bbe1b6]" name="setUp" is-config="true" duration-ms="5449" started-at="2016-04-21T12:30:19Z" finished-at="2016-04-21T12:30:24Z">
          <params>
            <param index="0">
              <value>
                <![CDATA[chrome.exe]]>
              </value>
            </param>
          </params>
          <reporter-output>
            <line>
              <![CDATA[chrome driver instantiated]]>
            </line>
            <line>
              <![CDATA[Setup Complete]]>
            </line>
          </reporter-output>
        </test-method> <!-- setUp -->
        <test-method status="PASS" signature="landingTest()[pri:0, instance:automationFramework.TestCases.CustomersTest@25bbe1b6]" name="landingTest" duration-ms="3626" started-at="2016-04-21T12:30:24Z" finished-at="2016-04-21T12:30:28Z">
          <reporter-output>
          </reporter-output>
        </test-method> <!-- landingTest -->
        <test-method status="PASS" signature="tearDown()[pri:0, instance:automationFramework.TestCases.CustomersTest@25bbe1b6]" name="tearDown" is-config="true" duration-ms="2552" started-at="2016-04-21T12:30:28Z" finished-at="2016-04-21T12:30:31Z">
          <reporter-output>
            <line>
              <![CDATA[TearDown Complete]]>
            </line>
          </reporter-output>
        </test-method> <!-- tearDown -->
      </class> <!-- automationFramework.TestCases.CustomersTest -->
      <class name="automationFramework.TestCases.InventoryTest">
        <test-method status="PASS" signature="setUp(java.lang.String)[pri:0, instance:automationFramework.TestCases.InventoryTest@55d56113]" name="setUp" is-config="true" duration-ms="4476" started-at="2016-04-21T12:30:31Z" finished-at="2016-04-21T12:30:35Z">
          <params>
            <param index="0">
              <value>
                <![CDATA[chrome.exe]]>
              </value>
            </param>
          </params>
          <reporter-output>
            <line>
              <![CDATA[chrome driver instantiated]]>
            </line>
            <line>
              <![CDATA[Setup Complete]]>
            </line>
          </reporter-output>
        </test-method> <!-- setUp -->
        <test-method status="PASS" signature="landingTest()[pri:0, instance:automationFramework.TestCases.InventoryTest@55d56113]" name="landingTest" duration-ms="3082" started-at="2016-04-21T12:30:35Z" finished-at="2016-04-21T12:30:38Z">
          <reporter-output>
          </reporter-output>
        </test-method> <!-- landingTest -->
        <test-method status="PASS" signature="tearDown()[pri:0, instance:automationFramework.TestCases.InventoryTest@55d56113]" name="tearDown" is-config="true" duration-ms="2232" started-at="2016-04-21T12:30:38Z" finished-at="2016-04-21T12:30:40Z">
          <reporter-output>
            <line>
              <![CDATA[TearDown Complete]]>
            </line>
          </reporter-output>
        </test-method> <!-- tearDown -->
      </class> <!-- automationFramework.TestCases.InventoryTest -->
      <class name="automationFramework.TestCases.HomeTest">
        <test-method status="PASS" signature="setUp(java.lang.String)[pri:0, instance:automationFramework.TestCases.HomeTest@148080bb]" name="setUp" is-config="true" duration-ms="6895" started-at="2016-04-21T12:29:34Z" finished-at="2016-04-21T12:29:41Z">
          <params>
            <param index="0">
              <value>
                <![CDATA[chrome.exe]]>
              </value>
            </param>
          </params>
          <reporter-output>
            <line>
              <![CDATA[chrome driver instantiated]]>
            </line>
            <line>
              <![CDATA[Setup Complete]]>
            </line>
          </reporter-output>
        </test-method> <!-- setUp -->
        <test-method status="PASS" signature="landingTest()[pri:0, instance:automationFramework.TestCases.HomeTest@148080bb]" name="landingTest" duration-ms="6870" started-at="2016-04-21T12:29:41Z" finished-at="2016-04-21T12:29:48Z">
          <reporter-output>
          </reporter-output>
        </test-method> <!-- landingTest -->
        <test-method status="PASS" signature="tearDown()[pri:0, instance:automationFramework.TestCases.HomeTest@148080bb]" name="tearDown" is-config="true" duration-ms="4656" started-at="2016-04-21T12:29:48Z" finished-at="2016-04-21T12:29:52Z">
          <reporter-output>
            <line>
              <![CDATA[TearDown Complete]]>
            </line>
          </reporter-output>
        </test-method> <!-- tearDown -->
      </class> <!-- automationFramework.TestCases.HomeTest -->
      <class name="automationFramework.TestCases.CasesTest">
        <test-method status="PASS" signature="setUp(java.lang.String)[pri:0, instance:automationFramework.TestCases.CasesTest@dc24521]" name="setUp" is-config="true" duration-ms="5744" started-at="2016-04-21T12:30:06Z" finished-at="2016-04-21T12:30:12Z">
          <params>
            <param index="0">
              <value>
                <![CDATA[chrome.exe]]>
              </value>
            </param>
          </params>
          <reporter-output>
            <line>
              <![CDATA[chrome driver instantiated]]>
            </line>
            <line>
              <![CDATA[Setup Complete]]>
            </line>
          </reporter-output>
        </test-method> <!-- setUp -->
        <test-method status="PASS" signature="landingTest()[pri:0, instance:automationFramework.TestCases.CasesTest@dc24521]" name="landingTest" duration-ms="3246" started-at="2016-04-21T12:30:12Z" finished-at="2016-04-21T12:30:15Z">
          <reporter-output>
          </reporter-output>
        </test-method> <!-- landingTest -->
        <test-method status="PASS" signature="tearDown()[pri:0, instance:automationFramework.TestCases.CasesTest@dc24521]" name="tearDown" is-config="true" duration-ms="3473" started-at="2016-04-21T12:30:15Z" finished-at="2016-04-21T12:30:19Z">
          <reporter-output>
            <line>
              <![CDATA[TearDown Complete]]>
            </line>
          </reporter-output>
        </test-method> <!-- tearDown -->
      </class> <!-- automationFramework.TestCases.CasesTest -->
      <class name="automationFramework.TestCases.TransactionsTest">
        <test-method status="PASS" signature="setUp(java.lang.String)[pri:0, instance:automationFramework.TestCases.TransactionsTest@64bf3bbf]" name="setUp" is-config="true" duration-ms="5712" started-at="2016-04-21T12:30:40Z" finished-at="2016-04-21T12:30:46Z">
          <params>
            <param index="0">
              <value>
                <![CDATA[chrome.exe]]>
              </value>
            </param>
          </params>
          <reporter-output>
            <line>
              <![CDATA[chrome driver instantiated]]>
            </line>
            <line>
              <![CDATA[Setup Complete]]>
            </line>
          </reporter-output>
        </test-method> <!-- setUp -->
        <test-method status="PASS" signature="landingTest()[pri:0, instance:automationFramework.TestCases.TransactionsTest@64bf3bbf]" name="landingTest" duration-ms="3713" started-at="2016-04-21T12:30:46Z" finished-at="2016-04-21T12:30:50Z">
          <reporter-output>
          </reporter-output>
        </test-method> <!-- landingTest -->
        <test-method status="PASS" signature="tearDown()[pri:0, instance:automationFramework.TestCases.TransactionsTest@64bf3bbf]" name="tearDown" is-config="true" duration-ms="2398" started-at="2016-04-21T12:30:50Z" finished-at="2016-04-21T12:30:52Z">
          <reporter-output>
            <line>
              <![CDATA[TearDown Complete]]>
            </line>
          </reporter-output>
        </test-method> <!-- tearDown -->
      </class> <!-- automationFramework.TestCases.TransactionsTest -->
    </test> <!-- ChromeTest -->
  </suite> <!-- Test2 - Suite -->
</testng-results>
