<?xml version="1.0" encoding="UTF-8"?>
<testng-results skipped="0" failed="0" total="6" passed="6">
  <reporter-output>
    <line>
      <![CDATA[chrome driver instantiated]]>
    </line>
    <line>
      <![CDATA[Setup Complete]]>
    </line>
    <line>
      <![CDATA[TearDown Complete]]>
    </line>
    <line>
      <![CDATA[chrome driver instantiated]]>
    </line>
    <line>
      <![CDATA[Setup Complete]]>
    </line>
    <line>
      <![CDATA[TearDown Complete]]>
    </line>
    <line>
      <![CDATA[chrome driver instantiated]]>
    </line>
    <line>
      <![CDATA[Setup Complete]]>
    </line>
    <line>
      <![CDATA[TearDown Complete]]>
    </line>
    <line>
      <![CDATA[chrome driver instantiated]]>
    </line>
    <line>
      <![CDATA[Setup Complete]]>
    </line>
    <line>
      <![CDATA[TearDown Complete]]>
    </line>
    <line>
      <![CDATA[chrome driver instantiated]]>
    </line>
    <line>
      <![CDATA[Setup Complete]]>
    </line>
    <line>
      <![CDATA[TearDown Complete]]>
    </line>
    <line>
      <![CDATA[chrome driver instantiated]]>
    </line>
    <line>
      <![CDATA[Setup Complete]]>
    </line>
    <line>
      <![CDATA[TearDown Complete]]>
    </line>
  </reporter-output>
  <suite name="Test2 - Suite" duration-ms="84008" started-at="2016-04-21T21:46:23Z" finished-at="2016-04-21T21:47:47Z">
    <groups>
    </groups>
    <test name="ChromeTest" duration-ms="84008" started-at="2016-04-21T21:46:23Z" finished-at="2016-04-21T21:47:47Z">
      <class name="automationFramework.TestCases.ActivitiesTest">
        <test-method status="PASS" signature="setUp(java.lang.String)[pri:0, instance:automationFramework.TestCases.ActivitiesTest@64bfbc86]" name="setUp" is-config="true" duration-ms="5307" started-at="2016-04-21T14:46:41Z" finished-at="2016-04-21T14:46:46Z">
          <params>
            <param index="0">
              <value>
                <![CDATA[chrome.exe]]>
              </value>
            </param>
          </params>
          <reporter-output>
            <line>
              <![CDATA[chrome driver instantiated]]>
            </line>
            <line>
              <![CDATA[Setup Complete]]>
            </line>
          </reporter-output>
        </test-method> <!-- setUp -->
        <test-method status="PASS" signature="landingTest()[pri:0, instance:automationFramework.TestCases.ActivitiesTest@64bfbc86]" name="landingTest" duration-ms="3793" started-at="2016-04-21T14:46:46Z" finished-at="2016-04-21T14:46:50Z">
          <reporter-output>
          </reporter-output>
        </test-method> <!-- landingTest -->
        <test-method status="PASS" signature="tearDown()[pri:0, instance:automationFramework.TestCases.ActivitiesTest@64bfbc86]" name="tearDown" is-config="true" duration-ms="3935" started-at="2016-04-21T14:46:50Z" finished-at="2016-04-21T14:46:54Z">
          <reporter-output>
            <line>
              <![CDATA[TearDown Complete]]>
            </line>
          </reporter-output>
        </test-method> <!-- tearDown -->
      </class> <!-- automationFramework.TestCases.ActivitiesTest -->
      <class name="automationFramework.TestCases.CustomersTest">
        <test-method status="PASS" signature="setUp(java.lang.String)[pri:0, instance:automationFramework.TestCases.CustomersTest@25bbe1b6]" name="setUp" is-config="true" duration-ms="5257" started-at="2016-04-21T14:47:07Z" finished-at="2016-04-21T14:47:12Z">
          <params>
            <param index="0">
              <value>
                <![CDATA[chrome.exe]]>
              </value>
            </param>
          </params>
          <reporter-output>
            <line>
              <![CDATA[chrome driver instantiated]]>
            </line>
            <line>
              <![CDATA[Setup Complete]]>
            </line>
          </reporter-output>
        </test-method> <!-- setUp -->
        <test-method status="PASS" signature="landingTest()[pri:0, instance:automationFramework.TestCases.CustomersTest@25bbe1b6]" name="landingTest" duration-ms="3851" started-at="2016-04-21T14:47:12Z" finished-at="2016-04-21T14:47:16Z">
          <reporter-output>
          </reporter-output>
        </test-method> <!-- landingTest -->
        <test-method status="PASS" signature="tearDown()[pri:0, instance:automationFramework.TestCases.CustomersTest@25bbe1b6]" name="tearDown" is-config="true" duration-ms="3072" started-at="2016-04-21T14:47:16Z" finished-at="2016-04-21T14:47:19Z">
          <reporter-output>
            <line>
              <![CDATA[TearDown Complete]]>
            </line>
          </reporter-output>
        </test-method> <!-- tearDown -->
      </class> <!-- automationFramework.TestCases.CustomersTest -->
      <class name="automationFramework.TestCases.InventoryTest">
        <test-method status="PASS" signature="setUp(java.lang.String)[pri:0, instance:automationFramework.TestCases.InventoryTest@55d56113]" name="setUp" is-config="true" duration-ms="6224" started-at="2016-04-21T14:47:19Z" finished-at="2016-04-21T14:47:25Z">
          <params>
            <param index="0">
              <value>
                <![CDATA[chrome.exe]]>
              </value>
            </param>
          </params>
          <reporter-output>
            <line>
              <![CDATA[chrome driver instantiated]]>
            </line>
            <line>
              <![CDATA[Setup Complete]]>
            </line>
          </reporter-output>
        </test-method> <!-- setUp -->
        <test-method status="PASS" signature="landingTest()[pri:0, instance:automationFramework.TestCases.InventoryTest@55d56113]" name="landingTest" duration-ms="5467" started-at="2016-04-21T14:47:25Z" finished-at="2016-04-21T14:47:30Z">
          <reporter-output>
          </reporter-output>
        </test-method> <!-- landingTest -->
        <test-method status="PASS" signature="tearDown()[pri:0, instance:automationFramework.TestCases.InventoryTest@55d56113]" name="tearDown" is-config="true" duration-ms="1862" started-at="2016-04-21T14:47:30Z" finished-at="2016-04-21T14:47:32Z">
          <reporter-output>
            <line>
              <![CDATA[TearDown Complete]]>
            </line>
          </reporter-output>
        </test-method> <!-- tearDown -->
      </class> <!-- automationFramework.TestCases.InventoryTest -->
      <class name="automationFramework.TestCases.HomeTest">
        <test-method status="PASS" signature="setUp(java.lang.String)[pri:0, instance:automationFramework.TestCases.HomeTest@148080bb]" name="setUp" is-config="true" duration-ms="6720" started-at="2016-04-21T14:46:23Z" finished-at="2016-04-21T14:46:30Z">
          <params>
            <param index="0">
              <value>
                <![CDATA[chrome.exe]]>
              </value>
            </param>
          </params>
          <reporter-output>
            <line>
              <![CDATA[chrome driver instantiated]]>
            </line>
            <line>
              <![CDATA[Setup Complete]]>
            </line>
          </reporter-output>
        </test-method> <!-- setUp -->
        <test-method status="PASS" signature="landingTest()[pri:0, instance:automationFramework.TestCases.HomeTest@148080bb]" name="landingTest" duration-ms="6308" started-at="2016-04-21T14:46:30Z" finished-at="2016-04-21T14:46:36Z">
          <reporter-output>
          </reporter-output>
        </test-method> <!-- landingTest -->
        <test-method status="PASS" signature="tearDown()[pri:0, instance:automationFramework.TestCases.HomeTest@148080bb]" name="tearDown" is-config="true" duration-ms="5116" started-at="2016-04-21T14:46:36Z" finished-at="2016-04-21T14:46:41Z">
          <reporter-output>
            <line>
              <![CDATA[TearDown Complete]]>
            </line>
          </reporter-output>
        </test-method> <!-- tearDown -->
      </class> <!-- automationFramework.TestCases.HomeTest -->
      <class name="automationFramework.TestCases.CasesTest">
        <test-method status="PASS" signature="setUp(java.lang.String)[pri:0, instance:automationFramework.TestCases.CasesTest@dc24521]" name="setUp" is-config="true" duration-ms="5630" started-at="2016-04-21T14:46:54Z" finished-at="2016-04-21T14:47:00Z">
          <params>
            <param index="0">
              <value>
                <![CDATA[chrome.exe]]>
              </value>
            </param>
          </params>
          <reporter-output>
            <line>
              <![CDATA[chrome driver instantiated]]>
            </line>
            <line>
              <![CDATA[Setup Complete]]>
            </line>
          </reporter-output>
        </test-method> <!-- setUp -->
        <test-method status="PASS" signature="landingTest()[pri:0, instance:automationFramework.TestCases.CasesTest@dc24521]" name="landingTest" duration-ms="3693" started-at="2016-04-21T14:47:00Z" finished-at="2016-04-21T14:47:03Z">
          <reporter-output>
          </reporter-output>
        </test-method> <!-- landingTest -->
        <test-method status="PASS" signature="tearDown()[pri:0, instance:automationFramework.TestCases.CasesTest@dc24521]" name="tearDown" is-config="true" duration-ms="3123" started-at="2016-04-21T14:47:03Z" finished-at="2016-04-21T14:47:07Z">
          <reporter-output>
            <line>
              <![CDATA[TearDown Complete]]>
            </line>
          </reporter-output>
        </test-method> <!-- tearDown -->
      </class> <!-- automationFramework.TestCases.CasesTest -->
      <class name="automationFramework.TestCases.TransactionsTest">
        <test-method status="PASS" signature="setUp(java.lang.String)[pri:0, instance:automationFramework.TestCases.TransactionsTest@64bf3bbf]" name="setUp" is-config="true" duration-ms="5108" started-at="2016-04-21T14:47:32Z" finished-at="2016-04-21T14:47:37Z">
          <params>
            <param index="0">
              <value>
                <![CDATA[chrome.exe]]>
              </value>
            </param>
          </params>
          <reporter-output>
            <line>
              <![CDATA[chrome driver instantiated]]>
            </line>
            <line>
              <![CDATA[Setup Complete]]>
            </line>
          </reporter-output>
        </test-method> <!-- setUp -->
        <test-method status="PASS" signature="landingTest()[pri:0, instance:automationFramework.TestCases.TransactionsTest@64bf3bbf]" name="landingTest" duration-ms="7050" started-at="2016-04-21T14:47:37Z" finished-at="2016-04-21T14:47:45Z">
          <reporter-output>
          </reporter-output>
        </test-method> <!-- landingTest -->
        <test-method status="PASS" signature="tearDown()[pri:0, instance:automationFramework.TestCases.TransactionsTest@64bf3bbf]" name="tearDown" is-config="true" duration-ms="2467" started-at="2016-04-21T14:47:45Z" finished-at="2016-04-21T14:47:47Z">
          <reporter-output>
            <line>
              <![CDATA[TearDown Complete]]>
            </line>
          </reporter-output>
        </test-method> <!-- tearDown -->
      </class> <!-- automationFramework.TestCases.TransactionsTest -->
    </test> <!-- ChromeTest -->
  </suite> <!-- Test2 - Suite -->
</testng-results>
